<?xml version="1.0" encoding="UTF-8"?>
<!-- Generated by org.testng.reporters.JUnitReportReporter -->
<testsuite hostname="user-PC" name="com.caratLane.Tests.TestApp" tests="1" failures="0" timestamp="7 Jul 2017 04:12:02 GMT" time="14.518" errors="0">
  <testcase name="productPage" time="14.518" classname="com.caratLane.Tests.TestApp"/>
</testsuite> <!-- com.caratLane.Tests.TestApp -->
